<?xml version="1.0" encoding="UTF-8"?>
<!-- Generated by org.testng.reporters.JUnitReportReporter -->
<testsuite hostname="MuhammedAtya" failures="0" tests="1" name="tests.LoginTest" time="16.811" errors="0" timestamp="2024-04-26T07:07:51 EEST" skipped="0">
  <testcase classname="tests.LoginTest" name="UserCanLogin" time="16.811"/>
</testsuite> <!-- tests.LoginTest -->
